<?xml version="1.0" encoding="UTF-8"?>
<testsuite xmlns:xsi="http://www.w3.org/2001/XMLSchema-instance" xsi:noNamespaceSchemaLocation="https://maven.apache.org/surefire/maven-surefire-plugin/xsd/surefire-test-report-3.0.xsd" version="3.0" name="com.mycompany.mymath.MyMathTest" time="0.16" tests="3" errors="0" skipped="0" failures="0">
  <properties>
    <property name="java.specification.version" value="21"/>
    <property name="sun.cpu.isalist" value="amd64"/>
    <property name="sun.jnu.encoding" value="UTF-8"/>
    <property name="java.class.path" value="D:\NetBeansProjects\MyMath\target\test-classes;D:\NetBeansProjects\MyMath\target\classes;C:\Users\Thien\.m2\repository\junit\junit\4.13.2\junit-4.13.2.jar;C:\Users\Thien\.m2\repository\org\hamcrest\hamcrest-core\1.3\hamcrest-core-1.3.jar;"/>
    <property name="java.vm.vendor" value="Oracle Corporation"/>
    <property name="sun.arch.data.model" value="64"/>
    <property name="user.variant" value=""/>
    <property name="java.vendor.url" value="https://java.oracle.com/"/>
    <property name="user.timezone" value="Asia/Saigon"/>
    <property name="os.name" value="Windows 11"/>
    <property name="java.vm.specification.version" value="21"/>
    <property name="user.country" value="US"/>
    <property name="sun.java.launcher" value="SUN_STANDARD"/>
    <property name="sun.boot.library.path" value="C:\Program Files\Java\jdk-21\bin"/>
    <property name="sun.java.command" value="C:\Users\Thien\AppData\Local\Temp\surefire17633229787614337542\surefirebooter-20240222150057094_3.jar C:\Users\Thien\AppData\Local\Temp\surefire17633229787614337542 2024-02-22T15-00-56_779-jvmRun1 surefire-20240222150057094_1tmp surefire_0-20240222150057094_2tmp"/>
    <property name="jdk.debug" value="release"/>
    <property name="test" value="com.mycompany.mymath.MyMathTest"/>
    <property name="surefire.test.class.path" value="D:\NetBeansProjects\MyMath\target\test-classes;D:\NetBeansProjects\MyMath\target\classes;C:\Users\Thien\.m2\repository\junit\junit\4.13.2\junit-4.13.2.jar;C:\Users\Thien\.m2\repository\org\hamcrest\hamcrest-core\1.3\hamcrest-core-1.3.jar;"/>
    <property name="sun.cpu.endian" value="little"/>
    <property name="user.home" value="C:\Users\Thien"/>
    <property name="user.language" value="en"/>
    <property name="java.specification.vendor" value="Oracle Corporation"/>
    <property name="java.version.date" value="2024-01-16"/>
    <property name="java.home" value="C:\Program Files\Java\jdk-21"/>
    <property name="file.separator" value="\"/>
    <property name="basedir" value="D:\NetBeansProjects\MyMath"/>
    <property name="java.vm.compressedOopsMode" value="Zero based"/>
    <property name="line.separator" value="&#10;"/>
    <property name="java.vm.specification.vendor" value="Oracle Corporation"/>
    <property name="java.specification.name" value="Java Platform API Specification"/>
    <property name="surefire.real.class.path" value="C:\Users\Thien\AppData\Local\Temp\surefire17633229787614337542\surefirebooter-20240222150057094_3.jar"/>
    <property name="user.script" value=""/>
    <property name="sun.management.compiler" value="HotSpot 64-Bit Tiered Compilers"/>
    <property name="java.runtime.version" value="21.0.2+13-LTS-58"/>
    <property name="user.name" value="Thien"/>
    <property name="stdout.encoding" value="UTF-8"/>
    <property name="path.separator" value=";"/>
    <property name="os.version" value="10.0"/>
    <property name="java.runtime.name" value="Java(TM) SE Runtime Environment"/>
    <property name="file.encoding" value="UTF-8"/>
    <property name="java.vm.name" value="Java HotSpot(TM) 64-Bit Server VM"/>
    <property name="maven.ext.class.path" value="C:\Program Files\NetBeans-20\netbeans\java\maven-nblib\netbeans-eventspy.jar"/>
    <property name="localRepository" value="C:\Users\Thien\.m2\repository"/>
    <property name="java.vendor.url.bug" value="https://bugreport.java.com/bugreport/"/>
    <property name="java.io.tmpdir" value="C:\Users\Thien\AppData\Local\Temp\"/>
    <property name="java.version" value="21.0.2"/>
    <property name="user.dir" value="D:\NetBeansProjects\MyMath"/>
    <property name="os.arch" value="amd64"/>
    <property name="java.vm.specification.name" value="Java Virtual Machine Specification"/>
    <property name="sun.os.patch.level" value=""/>
    <property name="native.encoding" value="UTF-8"/>
    <property name="java.library.path" value="C:\Program Files\Java\jdk-21\bin;C:\Windows\Sun\Java\bin;C:\Windows\system32;C:\Windows;C:\Program Files\Common Files\Oracle\Java\javapath;C:\Windows\system32;C:\Windows;C:\Windows\System32\Wbem;C:\Windows\System32\WindowsPowerShell\v1.0\;C:\Windows\System32\OpenSSH\;C:\Program Files (x86)\NVIDIA Corporation\PhysX\Common;C:\Program Files\NVIDIA Corporation\NVIDIA NvDLISR;C:\Program Files (x86)\Microsoft SQL Server\160\Tools\Binn\;C:\Program Files\Microsoft SQL Server\160\Tools\Binn\;C:\Program Files\Microsoft SQL Server\Client SDK\ODBC\170\Tools\Binn\;C:\Program Files\Microsoft SQL Server\160\DTS\Binn\;C:\Program Files\Azure Data Studio\bin;D:\app\Translate app\bin;D:\app\Git\cmd;C:\Program Files\dotnet\;D:\app\NodeJs\;C:\Program Files (x86)\Microsoft SQL Server\160\DTS\Binn\;C:\Users\Thien\AppData\Local\Microsoft\WindowsApps;;D:\Vs code\Microsoft VS Code\bin;C:\Program Files\Azure Data Studio\bin;C:\Users\Thien\AppData\Roaming\npm;C:\Users\Thien\.dotnet\tools;."/>
    <property name="java.vm.info" value="mixed mode, sharing"/>
    <property name="stderr.encoding" value="UTF-8"/>
    <property name="java.vendor" value="Oracle Corporation"/>
    <property name="java.vm.version" value="21.0.2+13-LTS-58"/>
    <property name="sun.io.unicode.encoding" value="UnicodeLittle"/>
    <property name="java.class.version" value="65.0"/>
  </properties>
  <testcase name="testFindMax" classname="com.mycompany.mymath.MyMathTest" time="0.034">
    <system-out><![CDATA[Giá trị lớn nhất là: 24
]]></system-out>
  </testcase>
  <testcase name="testCalculateAverage" classname="com.mycompany.mymath.MyMathTest" time="0.002">
    <system-out><![CDATA[Trung bình cộng là: 20.0
]]></system-out>
  </testcase>
  <testcase name="testIsEven" classname="com.mycompany.mymath.MyMathTest" time="0.004">
    <system-out><![CDATA[Kiểm tra số chẵn: 12 là số chẵn.
]]></system-out>
  </testcase>
</testsuite>